c:\users\cléments\desktop\projet-serre\c++\carte_es\carte_es\x64\debug\vc141.pdb
c:\users\cléments\desktop\projet-serre\c++\carte_es\carte_es\x64\debug\vc141.idb
c:\users\cléments\desktop\projet-serre\c++\carte_es\carte_es\x64\debug\tcpclient.obj
c:\users\cléments\desktop\projet-serre\c++\carte_es\carte_es\x64\debug\verifseuil.obj
c:\users\cléments\desktop\projet-serre\c++\carte_es\carte_es\x64\debug\carte_es.obj
c:\users\cléments\desktop\projet-serre\c++\carte_es\carte_es\x64\debug\bdd.obj
c:\users\cléments\desktop\projet-serre\c++\carte_es\x64\debug\carte_es.pdb
c:\users\cléments\desktop\projet-serre\c++\carte_es\carte_es\x64\debug\carte_es.tlog\cl.command.1.tlog
c:\users\cléments\desktop\projet-serre\c++\carte_es\carte_es\x64\debug\carte_es.tlog\cl.read.1.tlog
c:\users\cléments\desktop\projet-serre\c++\carte_es\carte_es\x64\debug\carte_es.tlog\cl.write.1.tlog
c:\users\cléments\desktop\projet-serre\c++\carte_es\carte_es\x64\debug\carte_es.tlog\link-cvtres.read.1.tlog
c:\users\cléments\desktop\projet-serre\c++\carte_es\carte_es\x64\debug\carte_es.tlog\link-cvtres.write.1.tlog
c:\users\cléments\desktop\projet-serre\c++\carte_es\carte_es\x64\debug\carte_es.tlog\link-rc.read.1.tlog
c:\users\cléments\desktop\projet-serre\c++\carte_es\carte_es\x64\debug\carte_es.tlog\link-rc.write.1.tlog
c:\users\cléments\desktop\projet-serre\c++\carte_es\carte_es\x64\debug\carte_es.tlog\link.4556-cvtres.read.1.tlog
c:\users\cléments\desktop\projet-serre\c++\carte_es\carte_es\x64\debug\carte_es.tlog\link.4556-cvtres.write.1.tlog
c:\users\cléments\desktop\projet-serre\c++\carte_es\carte_es\x64\debug\carte_es.tlog\link.4556-rc.read.1.tlog
c:\users\cléments\desktop\projet-serre\c++\carte_es\carte_es\x64\debug\carte_es.tlog\link.4556-rc.write.1.tlog
c:\users\cléments\desktop\projet-serre\c++\carte_es\carte_es\x64\debug\carte_es.tlog\link.4556.read.1.tlog
c:\users\cléments\desktop\projet-serre\c++\carte_es\carte_es\x64\debug\carte_es.tlog\link.4556.write.1.tlog
c:\users\cléments\desktop\projet-serre\c++\carte_es\carte_es\x64\debug\carte_es.tlog\link.command.1.tlog
c:\users\cléments\desktop\projet-serre\c++\carte_es\carte_es\x64\debug\carte_es.tlog\link.read.1.tlog
c:\users\cléments\desktop\projet-serre\c++\carte_es\carte_es\x64\debug\carte_es.tlog\link.write.1.tlog
